0 info it worked if it ends with ok
1 verbose cli [ '/usr/bin/node', '/usr/bin/npm', 'install', 'grunt-cli', '-g' ]
2 info using npm@1.4.28
3 info using node@v0.10.33
4 verbose node symlink /usr/bin/node
5 verbose cache add [ 'grunt-cli', null ]
6 verbose cache add name=undefined spec="grunt-cli" args=["grunt-cli",null]
7 verbose parsed url { protocol: null,
7 verbose parsed url   slashes: null,
7 verbose parsed url   auth: null,
7 verbose parsed url   host: null,
7 verbose parsed url   port: null,
7 verbose parsed url   hostname: null,
7 verbose parsed url   hash: null,
7 verbose parsed url   search: null,
7 verbose parsed url   query: null,
7 verbose parsed url   pathname: 'grunt-cli',
7 verbose parsed url   path: 'grunt-cli',
7 verbose parsed url   href: 'grunt-cli' }
8 silly lockFile 671ef8ac-grunt-cli grunt-cli
9 verbose lock grunt-cli /home/obenyounes/.npm/671ef8ac-grunt-cli.lock
10 silly lockFile 671ef8ac-grunt-cli grunt-cli
11 silly lockFile 671ef8ac-grunt-cli grunt-cli
12 verbose addNamed [ 'grunt-cli', '' ]
13 verbose addNamed [ null, '*' ]
14 silly lockFile d63f3d0b-grunt-cli grunt-cli@
15 verbose lock grunt-cli@ /home/obenyounes/.npm/d63f3d0b-grunt-cli.lock
16 silly addNameRange { name: 'grunt-cli', range: '*', hasData: false }
17 verbose request where is /grunt-cli
18 verbose request registry https://registry.npmjs.org/
19 verbose request id 9fb42d6731b8dce8
20 verbose url raw /grunt-cli
21 verbose url resolving [ 'https://registry.npmjs.org/', './grunt-cli' ]
22 verbose url resolved https://registry.npmjs.org/grunt-cli
23 verbose request where is https://registry.npmjs.org/grunt-cli
24 info trying registry request attempt 1 at 11:37:48
25 verbose etag "54QNW6NQ2WNHWUGFJR6BHGBXZ"
26 http GET https://registry.npmjs.org/grunt-cli
27 http 200 https://registry.npmjs.org/grunt-cli
28 silly registry.get cb [ 200,
28 silly registry.get   { date: 'Wed, 10 Dec 2014 10:37:48 GMT',
28 silly registry.get     server: 'CouchDB/1.5.0 (Erlang OTP/R16B03)',
28 silly registry.get     etag: '"7RCMYUEED1B8IO0LY3SW32EQK"',
28 silly registry.get     'content-type': 'application/json',
28 silly registry.get     'cache-control': 'max-age=60',
28 silly registry.get     'content-length': '20002',
28 silly registry.get     'accept-ranges': 'bytes',
28 silly registry.get     via: '1.1 varnish',
28 silly registry.get     age: '12',
28 silly registry.get     'x-served-by': 'cache-lcy1127-LCY',
28 silly registry.get     'x-cache': 'HIT',
28 silly registry.get     'x-cache-hits': '1',
28 silly registry.get     'x-timer': 'S1418207868.964673,VS0,VE0',
28 silly registry.get     vary: 'Accept',
28 silly registry.get     'keep-alive': 'timeout=10, max=50',
28 silly registry.get     connection: 'Keep-Alive' } ]
29 silly addNameRange number 2 { name: 'grunt-cli', range: '*', hasData: true }
30 silly addNameRange versions [ 'grunt-cli',
30 silly addNameRange   [ '0.1.0',
30 silly addNameRange     '0.1.1',
30 silly addNameRange     '0.1.2',
30 silly addNameRange     '0.1.3',
30 silly addNameRange     '0.1.4',
30 silly addNameRange     '0.1.5',
30 silly addNameRange     '0.1.6',
30 silly addNameRange     '0.1.7',
30 silly addNameRange     '0.1.8',
30 silly addNameRange     '0.1.9',
30 silly addNameRange     '0.1.10',
30 silly addNameRange     '0.1.11',
30 silly addNameRange     '0.1.12',
30 silly addNameRange     '0.1.13' ] ]
31 verbose addNamed [ 'grunt-cli', '0.1.13' ]
32 verbose addNamed [ '0.1.13', '0.1.13' ]
33 silly lockFile 28997503-grunt-cli-0-1-13 grunt-cli@0.1.13
34 verbose lock grunt-cli@0.1.13 /home/obenyounes/.npm/28997503-grunt-cli-0-1-13.lock
35 silly lockFile 28997503-grunt-cli-0-1-13 grunt-cli@0.1.13
36 silly lockFile 28997503-grunt-cli-0-1-13 grunt-cli@0.1.13
37 silly lockFile d63f3d0b-grunt-cli grunt-cli@
38 silly lockFile d63f3d0b-grunt-cli grunt-cli@
39 silly resolved [ { name: 'grunt-cli',
39 silly resolved     description: 'The grunt command line interface.',
39 silly resolved     version: '0.1.13',
39 silly resolved     author: { name: 'Grunt Team' },
39 silly resolved     homepage: 'http://gruntjs.com/',
39 silly resolved     repository: { type: 'git', url: 'git://github.com/gruntjs/grunt-cli.git' },
39 silly resolved     bugs: { url: 'http://github.com/gruntjs/grunt-cli/issues' },
39 silly resolved     licenses: [ [Object] ],
39 silly resolved     bin: { grunt: 'bin/grunt' },
39 silly resolved     engines: { node: '>= 0.8.0' },
39 silly resolved     scripts: { test: 'node bin/grunt test' },
39 silly resolved     preferGlobal: true,
39 silly resolved     dependencies: { nopt: '~1.0.10', 'findup-sync': '~0.1.0', resolve: '~0.3.1' },
39 silly resolved     devDependencies: { grunt: '~0.4.0', 'grunt-contrib-jshint': '~0.2.0' },
39 silly resolved     contributors: [ [Object], [Object], [Object], [Object] ],
39 silly resolved     _id: 'grunt-cli@0.1.13',
39 silly resolved     dist:
39 silly resolved      { shasum: 'e9ebc4047631f5012d922770c39378133cad10f4',
39 silly resolved        tarball: 'http://registry.npmjs.org/grunt-cli/-/grunt-cli-0.1.13.tgz' },
39 silly resolved     _from: 'grunt-cli@',
39 silly resolved     _npmVersion: '1.3.24',
39 silly resolved     _npmUser: { name: 'tkellen', email: 'tyler@sleekcode.net' },
39 silly resolved     maintainers: [ [Object] ],
39 silly resolved     directories: {},
39 silly resolved     _shasum: 'e9ebc4047631f5012d922770c39378133cad10f4',
39 silly resolved     _resolved: 'https://registry.npmjs.org/grunt-cli/-/grunt-cli-0.1.13.tgz',
39 silly resolved     readme: 'ERROR: No README data found!' } ]
40 info install grunt-cli@0.1.13 into /usr/local/lib
41 info installOne grunt-cli@0.1.13
42 verbose lib/node_modules/grunt-cli unbuild
43 verbose tar unpack /home/obenyounes/.npm/grunt-cli/0.1.13/package.tgz
44 silly lockFile 466968dc-local-lib-node-modules-grunt-cli tar:///usr/local/lib/node_modules/grunt-cli
45 verbose lock tar:///usr/local/lib/node_modules/grunt-cli /home/obenyounes/.npm/466968dc-local-lib-node-modules-grunt-cli.lock
46 silly lockFile 262e33a6-npm-grunt-cli-0-1-13-package-tgz tar:///home/obenyounes/.npm/grunt-cli/0.1.13/package.tgz
47 verbose lock tar:///home/obenyounes/.npm/grunt-cli/0.1.13/package.tgz /home/obenyounes/.npm/262e33a6-npm-grunt-cli-0-1-13-package-tgz.lock
48 silly gunzTarPerm modes [ '775', '664' ]
49 error Error: EACCES, mkdir '/usr/local/lib/node_modules/grunt-cli'
49 error  { [Error: EACCES, mkdir '/usr/local/lib/node_modules/grunt-cli']
49 error   errno: 3,
49 error   code: 'EACCES',
49 error   path: '/usr/local/lib/node_modules/grunt-cli',
49 error   fstream_type: 'Directory',
49 error   fstream_path: '/usr/local/lib/node_modules/grunt-cli',
49 error   fstream_class: 'DirWriter',
49 error   fstream_stack:
49 error    [ '/usr/lib/node_modules/npm/node_modules/fstream/lib/dir-writer.js:36:23',
49 error      '/usr/lib/node_modules/npm/node_modules/mkdirp/index.js:46:53',
49 error      'Object.oncomplete (fs.js:107:15)' ] }
50 error Please try running this command again as root/Administrator.
51 error System Linux 3.8.0-44-generic
52 error command "/usr/bin/node" "/usr/bin/npm" "install" "grunt-cli" "-g"
53 error cwd /var/www/ousama/subdomains/ftv.jcdjt.fr
54 error node -v v0.10.33
55 error npm -v 1.4.28
56 error path /usr/local/lib/node_modules/grunt-cli
57 error fstream_path /usr/local/lib/node_modules/grunt-cli
58 error fstream_type Directory
59 error fstream_class DirWriter
60 error code EACCES
61 error errno 3
62 error stack Error: EACCES, mkdir '/usr/local/lib/node_modules/grunt-cli'
63 error fstream_stack /usr/lib/node_modules/npm/node_modules/fstream/lib/dir-writer.js:36:23
63 error fstream_stack /usr/lib/node_modules/npm/node_modules/mkdirp/index.js:46:53
63 error fstream_stack Object.oncomplete (fs.js:107:15)
64 verbose exit [ 3, true ]
